{"numTotalTestSuites":154,"numPassedTestSuites":154,"numFailedTestSuites":0,"numPendingTestSuites":0,"numTotalTests":308,"numPassedTests":258,"numFailedTests":50,"numPendingTests":0,"numTodoTests":0,"startTime":1786283450283,"success":false,"testResults":[{"assertionResults":[{"ancestorTitles":["","engine setup"],"fullName":" engine setup creates empty state with defaults","status":"passed","title":"creates empty state with defaults","duration":4,"failureMessages":[]},{"ancestorTitles":["","engine setup"],"fullName":" engine setup initializes players and role counts","status":"passed","title":"initializes players and role counts","duration":1,"failureMessages":[]},{"ancestorTitles":["","engine setup"],"fullName":" engine setup resizes players and adjusts villici","status":"passed","title":"resizes players and adjusts villici","duration":5,"failureMessages":[]},{"ancestorTitles":["","engine setup"],"fullName":" engine setup enforces max counts per role","status":"passed","title":"enforces max counts per role","duration":3,"failureMessages":[]},{"ancestorTitles":["","engine flow"],"fullName":" engine flow assigns roles on reveal","status":"passed","title":"assigns roles on reveal","duration":13,"failureMessages":[]},{"ancestorTitles":["","engine flow"],"fullName":" engine flow builds night turns grouped and ordered","status":"passed","title":"builds night turns grouped and ordered","duration":15,"failureMessages":[]},{"ancestorTitles":["","engine flow"],"fullName":" engine flow skip-first-night produces empty summary","status":"passed","title":"skip-first-night produces empty summary","duration":3,"failureMessages":[]},{"ancestorTitles":["","engine flow"],"fullName":" engine flow resolve applies kills except saved","status":"passed","title":"resolve applies kills except saved","duration":6,"failureMessages":[]},{"ancestorTitles":["","engine flow"],"fullName":" engine flow continueToDay increments correctly","status":"passed","title":"continueToDay increments correctly","duration":1,"failureMessages":[]},{"ancestorTitles":["","engine flow"],"fullName":" engine flow should only call restore functions for roles that acted during the night","status":"passed","title":"should only call restore functions for roles that acted during the night","duration":2,"failureMessages":[]},{"ancestorTitles":["","new roles logic"],"fullName":" new roles logic Justicer kill cannot be saved","status":"failed","title":"Justicer kill cannot be saved","duration":11,"failureMessages":["setTestState is not a function"],"location":{"line":299,"column":5}},{"ancestorTitles":["","new roles logic"],"fullName":" new roles logic Matto wins immediately on lynch","status":"passed","title":"Matto wins immediately on lynch","duration":1,"failureMessages":[]},{"ancestorTitles":["","new roles logic"],"fullName":" new roles logic Lupomannaro blocks village win when no lupi but lupomannaro alive (more than 2 players) via checkWinConstraint","status":"passed","title":"Lupomannaro blocks village win when no lupi but lupomannaro alive (more than 2 players) via checkWinConstraint","duration":0,"failureMessages":[]},{"ancestorTitles":["","new roles logic"],"fullName":" new roles logic Lupomannaro blocks lupi parity win while alive via checkWinConstraint","status":"passed","title":"Lupomannaro blocks lupi parity win while alive via checkWinConstraint","duration":1,"failureMessages":[]},{"ancestorTitles":["","new roles logic"],"fullName":" new roles logic Indemoniato is seen as lupo but does not count for lupi parity","status":"passed","title":"Indemoniato is seen as lupo but does not count for lupi parity","duration":1,"failureMessages":[]},{"ancestorTitles":["","new roles logic"],"fullName":" new roles logic Lupomannaro should win when down to 2 players (lupomannaro + 1 other)","status":"passed","title":"Lupomannaro should win when down to 2 players (lupomannaro + 1 other)","duration":1,"failureMessages":[]},{"ancestorTitles":["","new roles logic"],"fullName":" new roles logic BUG REPRODUCTION: Lupomannaro prevents any team from winning when alive with 3+ players","status":"passed","title":"BUG REPRODUCTION: Lupomannaro prevents any team from winning when alive with 3+ players","duration":0,"failureMessages":[]},{"ancestorTitles":["","new roles logic"],"fullName":" new roles logic REFACTORED: Parassita can win while blocking other teams via checkWinConstraint","status":"passed","title":"REFACTORED: Parassita can win while blocking other teams via checkWinConstraint","duration":2,"failureMessages":[]},{"ancestorTitles":["","new roles logic"],"fullName":" new roles logic REFACTORED: Only one team can win at a time - prioritizes first winning team","status":"passed","title":"REFACTORED: Only one team can win at a time - prioritizes first winning team","duration":1,"failureMessages":[]},{"ancestorTitles":["","new roles logic"],"fullName":" new roles logic REFACTORED: Mannari roles block other teams from winning when alive","status":"passed","title":"REFACTORED: Mannari roles block other teams from winning when alive","duration":1,"failureMessages":[]},{"ancestorTitles":["","new roles logic"],"fullName":" new roles logic REFACTORED: Mannari constraint blocks village from winning when any mannari is alive","status":"passed","title":"REFACTORED: Mannari constraint blocks village from winning when any mannari is alive","duration":0,"failureMessages":[]},{"ancestorTitles":["","new roles logic"],"fullName":" new roles logic BUG REPRODUCTION: Lupomannaro prevents village from winning even when all real wolves are dead","status":"passed","title":"BUG REPRODUCTION: Lupomannaro prevents village from winning even when all real wolves are dead","duration":1,"failureMessages":[]},{"ancestorTitles":["","new roles logic"],"fullName":" new roles logic should end game with tie when all players die","status":"passed","title":"should end game with tie when all players die","duration":0,"failureMessages":[]},{"ancestorTitles":["","NightPhaseManager Set handling"],"fullName":" NightPhaseManager Set handling should handle corrupted calledRoles and convert back to array","status":"passed","title":"should handle corrupted calledRoles and convert back to array","duration":1,"failureMessages":[]}],"startTime":1786283452042,"endTime":1786283452116,"status":"failed","message":"","name":"/home/marco/OneDrive_Università/altro/lupus/LupusInTab/src/__tests__/engine.spec.ts"},{"assertionResults":[{"ancestorTitles":["","Game State Persistence"],"fullName":" Game State Persistence should reset showRoleResee to false when resuming game to ensure proper reveal flow","status":"passed","title":"should reset showRoleResee to false when resuming game to ensure proper reveal flow","duration":2,"failureMessages":[]},{"ancestorTitles":["","Game State Persistence"],"fullName":" Game State Persistence should persist and restore revealPhaseState","status":"passed","title":"should persist and restore revealPhaseState","duration":1,"failureMessages":[]},{"ancestorTitles":["","Game State Persistence"],"fullName":" Game State Persistence should smart restore revealPhaseState when no saved state exists","status":"passed","title":"should smart restore revealPhaseState when no saved state exists","duration":1,"failureMessages":[]},{"ancestorTitles":["","Game State Persistence"],"fullName":" Game State Persistence should reset showRoleResee when starting night phase","status":"passed","title":"should reset showRoleResee when starting night phase","duration":1,"failureMessages":[]},{"ancestorTitles":["","Game State Persistence"],"fullName":" Game State Persistence should reset revealPhaseState when resetting game","status":"passed","title":"should reset revealPhaseState when resetting game","duration":1,"failureMessages":[]},{"ancestorTitles":["","Game State Persistence"],"fullName":" Game State Persistence should reset showRoleResee when resetting game","status":"passed","title":"should reset showRoleResee when resetting game","duration":0,"failureMessages":[]},{"ancestorTitles":["","Game State Persistence"],"fullName":" Game State Persistence should reset showRoleResee to false when resuming prenight phase to ensure proper reveal flow","status":"passed","title":"should reset showRoleResee to false when resuming prenight phase to ensure proper reveal flow","duration":1,"failureMessages":[]},{"ancestorTitles":["","Game State Persistence"],"fullName":" Game State Persistence should correctly handle role resee button click","status":"passed","title":"should correctly handle role resee button click","duration":1,"failureMessages":[]},{"ancestorTitles":["","Game State Persistence"],"fullName":" Game State Persistence should restore role groupings when resuming game","status":"passed","title":"should restore role groupings when resuming game","duration":2,"failureMessages":[]}],"startTime":1786283452163,"endTime":1786283452173,"status":"passed","message":"","name":"/home/marco/OneDrive_Università/altro/lupus/LupusInTab/src/__tests__/game-state-persistence.spec.ts"},{"assertionResults":[{"ancestorTitles":["","Role Checking Function with Difficoltà Massima Setting","Direct Role Checking Tests"],"fullName":" Role Checking Function with Difficoltà Massima Setting Direct Role Checking Tests should work correctly with difficolta enabled","status":"passed","title":"should work correctly with difficolta enabled","duration":10,"failureMessages":[]},{"ancestorTitles":["","Role Checking Function with Difficoltà Massima Setting","Direct Role Checking Tests"],"fullName":" Role Checking Function with Difficoltà Massima Setting Direct Role Checking Tests should work correctly with difficolta disabled","status":"passed","title":"should work correctly with difficolta disabled","duration":0,"failureMessages":[]},{"ancestorTitles":["","Role Checking Function with Difficoltà Massima Setting","Direct Role Checking Tests"],"fullName":" Role Checking Function with Difficoltà Massima Setting Direct Role Checking Tests should handle edge cases correctly","status":"passed","title":"should handle edge cases correctly","duration":1,"failureMessages":[]},{"ancestorTitles":["","Role Checking Function with Difficoltà Massima Setting","Direct Role Checking Tests"],"fullName":" Role Checking Function with Difficoltà Massima Setting Direct Role Checking Tests should work with multiple groupings","status":"passed","title":"should work with multiple groupings","duration":1,"failureMessages":[]},{"ancestorTitles":["","Role Checking Function with Difficoltà Massima Setting","Role Checking Scenarios"],"fullName":" Role Checking Function with Difficoltà Massima Setting Role Checking Scenarios should correctly identify lupo-related roles when difficolta is enabled","status":"passed","title":"should correctly identify lupo-related roles when difficolta is enabled","duration":1,"failureMessages":[]},{"ancestorTitles":["","Role Checking Function with Difficoltà Massima Setting","Role Checking Scenarios"],"fullName":" Role Checking Function with Difficoltà Massima Setting Role Checking Scenarios should correctly identify lupo-related roles when difficolta is disabled","status":"passed","title":"should correctly identify lupo-related roles when difficolta is disabled","duration":0,"failureMessages":[]}],"startTime":1786283452706,"endTime":1786283452731,"status":"passed","message":"","name":"/home/marco/OneDrive_Università/altro/lupus/LupusInTab/src/__tests__/role-checking-simple.spec.ts"},{"assertionResults":[{"ancestorTitles":["","Difficoltà Setting - Role Groupings","Difficoltà Enabled (true)"],"fullName":" Difficoltà Setting - Role Groupings Difficoltà Enabled (true) should consider role groupings when checking roles","status":"passed","title":"should consider role groupings when checking roles","duration":8,"failureMessages":[]},{"ancestorTitles":["","Difficoltà Setting - Role Groupings","Difficoltà Disabled (false)"],"fullName":" Difficoltà Setting - Role Groupings Difficoltà Disabled (false) should NOT consider role groupings when checking roles","status":"passed","title":"should NOT consider role groupings when checking roles","duration":3,"failureMessages":[]},{"ancestorTitles":["","Difficoltà Setting - Role Groupings","Role Detection Logic"],"fullName":" Difficoltà Setting - Role Groupings Role Detection Logic should implement role checking function that respects difficolta setting","status":"passed","title":"should implement role checking function that respects difficolta setting","duration":1,"failureMessages":[]},{"ancestorTitles":["","Difficoltà Setting - Role Groupings","Role Detection Logic"],"fullName":" Difficoltà Setting - Role Groupings Role Detection Logic should work with getPlayersWithRole function","status":"passed","title":"should work with getPlayersWithRole function","duration":3,"failureMessages":[]},{"ancestorTitles":["","Difficoltà Setting - Role Groupings","Role Detection Logic"],"fullName":" Difficoltà Setting - Role Groupings Role Detection Logic should work with hasAnyPlayerWithRole function","status":"passed","title":"should work with hasAnyPlayerWithRole function","duration":1,"failureMessages":[]},{"ancestorTitles":["","Difficoltà Setting - Role Groupings","Integration with Existing Roles"],"fullName":" Difficoltà Setting - Role Groupings Integration with Existing Roles should work with lupomannaro detection ability","status":"passed","title":"should work with lupomannaro detection ability","duration":1,"failureMessages":[]},{"ancestorTitles":["","Difficoltà Setting - Role Groupings","Integration with Existing Roles"],"fullName":" Difficoltà Setting - Role Groupings Integration with Existing Roles should work with other investigative roles","status":"passed","title":"should work with other investigative roles","duration":1,"failureMessages":[]}],"startTime":1786283452430,"endTime":1786283452449,"status":"passed","message":"","name":"/home/marco/OneDrive_Università/altro/lupus/LupusInTab/src/__tests__/settings-difficolta.spec.ts"},{"assertionResults":[{"ancestorTitles":["","Team Balance System - Power-Based Balance","Perfect Balance Scenarios"],"fullName":" Team Balance System - Power-Based Balance Perfect Balance Scenarios should give realistic fairness for imbalanced power distribution","status":"passed","title":"should give realistic fairness for imbalanced power distribution","duration":2,"failureMessages":[]},{"ancestorTitles":["","Team Balance System - Power-Based Balance","Perfect Balance Scenarios"],"fullName":" Team Balance System - Power-Based Balance Perfect Balance Scenarios should give 100% fairness for equal power teams","status":"passed","title":"should give 100% fairness for equal power teams","duration":0,"failureMessages":[]},{"ancestorTitles":["","Team Balance System - Power-Based Balance","Imbalanced Scenarios"],"fullName":" Team Balance System - Power-Based Balance Imbalanced Scenarios should give lower fairness for power imbalance","status":"passed","title":"should give lower fairness for power imbalance","duration":1,"failureMessages":[]},{"ancestorTitles":["","Team Balance System - Power-Based Balance","Imbalanced Scenarios"],"fullName":" Team Balance System - Power-Based Balance Imbalanced Scenarios should give very low fairness for major power imbalance","status":"passed","title":"should give very low fairness for major power imbalance","duration":0,"failureMessages":[]},{"ancestorTitles":["","Team Balance System - Power-Based Balance","Multi-Team Scenarios"],"fullName":" Team Balance System - Power-Based Balance Multi-Team Scenarios should give variety bonus for 3+ teams","status":"passed","title":"should give variety bonus for 3+ teams","duration":1,"failureMessages":[]},{"ancestorTitles":["","Team Balance System - Power-Based Balance","Multi-Team Scenarios"],"fullName":" Team Balance System - Power-Based Balance Multi-Team Scenarios should not give variety bonus for 2 teams","status":"passed","title":"should not give variety bonus for 2 teams","duration":0,"failureMessages":[]},{"ancestorTitles":["","Team Balance System - Power-Based Balance","Equal Team Contribution"],"fullName":" Team Balance System - Power-Based Balance Equal Team Contribution should treat all teams equally regardless of player count","status":"passed","title":"should treat all teams equally regardless of player count","duration":1,"failureMessages":[]},{"ancestorTitles":["","Team Balance System - Power-Based Balance","Equal Team Contribution"],"fullName":" Team Balance System - Power-Based Balance Equal Team Contribution should calculate balance based on power, not player count","status":"passed","title":"should calculate balance based on power, not player count","duration":0,"failureMessages":[]},{"ancestorTitles":["","Team Balance System - Power-Based Balance","Edge Cases"],"fullName":" Team Balance System - Power-Based Balance Edge Cases should handle empty role counts","status":"passed","title":"should handle empty role counts","duration":0,"failureMessages":[]},{"ancestorTitles":["","Team Balance System - Power-Based Balance","Edge Cases"],"fullName":" Team Balance System - Power-Based Balance Edge Cases should handle single team","status":"passed","title":"should handle single team","duration":1,"failureMessages":[]},{"ancestorTitles":["","Team Balance System - Power-Based Balance","Edge Cases"],"fullName":" Team Balance System - Power-Based Balance Edge Cases should handle roles without scores (default to 1)","status":"passed","title":"should handle roles without scores (default to 1)","duration":0,"failureMessages":[]},{"ancestorTitles":["","Team Balance System - Power-Based Balance","Mathematical Properties"],"fullName":" Team Balance System - Power-Based Balance Mathematical Properties should calculate weighted variance correctly","status":"passed","title":"should calculate weighted variance correctly","duration":0,"failureMessages":[]},{"ancestorTitles":["","Team Balance System - Power-Based Balance","Mathematical Properties"],"fullName":" Team Balance System - Power-Based Balance Mathematical Properties should normalize variance correctly","status":"passed","title":"should normalize variance correctly","duration":0,"failureMessages":[]}],"startTime":1786283452341,"endTime":1786283452349,"status":"passed","message":"","name":"/home/marco/OneDrive_Università/altro/lupus/LupusInTab/src/__tests__/team-balance.spec.ts"},{"assertionResults":[{"ancestorTitles":["","Usage System"],"fullName":" Usage System should block player from using role before startNight","status":"passed","title":"should block player from using role before startNight","duration":1,"failureMessages":[]},{"ancestorTitles":["","Usage System"],"fullName":" Usage System should allow player to use role after startNight","status":"passed","title":"should allow player to use role after startNight","duration":2,"failureMessages":[]},{"ancestorTitles":["","Usage System"],"fullName":" Usage System should detect when usage limit is exceeded","status":"passed","title":"should detect when usage limit is exceeded","duration":1,"failureMessages":[]},{"ancestorTitles":["","Usage System"],"fullName":" Usage System should allow usage when under limit","status":"passed","title":"should allow usage when under limit","duration":0,"failureMessages":[]},{"ancestorTitles":["","Usage System"],"fullName":" Usage System should handle unlimited usage correctly","status":"passed","title":"should handle unlimited usage correctly","duration":0,"failureMessages":[]},{"ancestorTitles":["","Usage System"],"fullName":" Usage System should handle undefined usage as unlimited","status":"passed","title":"should handle undefined usage as unlimited","duration":1,"failureMessages":[]},{"ancestorTitles":["","Skip First Night Actions"],"fullName":" Skip First Night Actions should adjust startNight values when skipFirstNightActions is enabled","status":"passed","title":"should adjust startNight values when skipFirstNightActions is enabled","duration":13,"failureMessages":[]},{"ancestorTitles":["","Skip First Night Actions"],"fullName":" Skip First Night Actions should not adjust startNight values when skipFirstNightActions is disabled","status":"passed","title":"should not adjust startNight values when skipFirstNightActions is disabled","duration":2,"failureMessages":[]}],"startTime":1786283452961,"endTime":1786283452982,"status":"passed","message":"","name":"/home/marco/OneDrive_Università/altro/lupus/LupusInTab/src/__tests__/usage-system.spec.ts"},{"assertionResults":[{"ancestorTitles":["","Ammaestratore Redirect Functionality","Lupo Kill Redirection"],"fullName":" Ammaestratore Redirect Functionality Lupo Kill Redirection should redirect lupo kill to new target","status":"passed","title":"should redirect lupo kill to new target","duration":1,"failureMessages":[]},{"ancestorTitles":["","Ammaestratore Redirect Functionality","Lupo Kill Redirection"],"fullName":" Ammaestratore Redirect Functionality Lupo Kill Redirection should block kill if target is a lupo","status":"passed","title":"should block kill if target is a lupo","duration":1,"failureMessages":[]},{"ancestorTitles":["","Ammaestratore Redirect Functionality","Lupo Kill Redirection"],"fullName":" Ammaestratore Redirect Functionality Lupo Kill Redirection should handle case when no lupo kills exist","status":"passed","title":"should handle case when no lupo kills exist","duration":1,"failureMessages":[]},{"ancestorTitles":["","Ammaestratore Redirect Functionality","Lupo Kill Redirection"],"fullName":" Ammaestratore Redirect Functionality Lupo Kill Redirection should only redirect one lupo kill even if multiple exist","status":"passed","title":"should only redirect one lupo kill even if multiple exist","duration":1,"failureMessages":[]}],"startTime":1786283452210,"endTime":1786283452214,"status":"passed","message":"","name":"/home/marco/OneDrive_Università/altro/lupus/LupusInTab/src/__tests__/roles/ammaestratore-redirect.spec.ts"},{"assertionResults":[{"ancestorTitles":["","Ammaestratore Role","Role Properties"],"fullName":" Ammaestratore Role Role Properties should have correct basic properties","status":"passed","title":"should have correct basic properties","duration":2,"failureMessages":[]},{"ancestorTitles":["","Ammaestratore Role","Role Properties"],"fullName":" Ammaestratore Role Role Properties should have components defined","status":"passed","title":"should have components defined","duration":1,"failureMessages":[]},{"ancestorTitles":["","Ammaestratore Role","Resolve Function - Redirect to Villico"],"fullName":" Ammaestratore Role Resolve Function - Redirect to Villico should redirect wolf kills to a villico target","status":"failed","title":"should redirect wolf kills to a villico target","duration":3,"failureMessages":["expected undefined not to be undefined"],"location":{"line":91,"column":22}},{"ancestorTitles":["","Ammaestratore Role","Resolve Function - Redirect to Villico"],"fullName":" Ammaestratore Role Resolve Function - Redirect to Villico should handle multiple wolf kills from different targets","status":"failed","title":"should handle multiple wolf kills from different targets","duration":4,"failureMessages":["expected [ { role: 'lupo' } ] to deeply equal [ { role: 'lupo' }, { role: 'lupo' } ]"],"location":{"line":123,"column":59}},{"ancestorTitles":["","Ammaestratore Role","Resolve Function - Redirect to Lupo"],"fullName":" Ammaestratore Role Resolve Function - Redirect to Lupo should block all wolf kills when targeting a lupo","status":"failed","title":"should block all wolf kills when targeting a lupo","duration":2,"failureMessages":["expected undefined not to be undefined"],"location":{"line":143,"column":22}},{"ancestorTitles":["","Ammaestratore Role","Resolve Function - Edge Cases"],"fullName":" Ammaestratore Role Resolve Function - Edge Cases should handle no target selection (skip)","status":"passed","title":"should handle no target selection (skip)","duration":2,"failureMessages":[]},{"ancestorTitles":["","Ammaestratore Role","Resolve Function - Edge Cases"],"fullName":" Ammaestratore Role Resolve Function - Edge Cases should handle invalid target ID","status":"passed","title":"should handle invalid target ID","duration":1,"failureMessages":[]},{"ancestorTitles":["","Ammaestratore Role","Resolve Function - Edge Cases"],"fullName":" Ammaestratore Role Resolve Function - Edge Cases should handle no pending kills","status":"failed","title":"should handle no pending kills","duration":3,"failureMessages":["expected undefined not to be undefined"],"location":{"line":190,"column":22}},{"ancestorTitles":["","Ammaestratore Role","Resolve Function - Edge Cases"],"fullName":" Ammaestratore Role Resolve Function - Edge Cases should handle no wolf kills in pending kills","status":"passed","title":"should handle no wolf kills in pending kills","duration":2,"failureMessages":[]},{"ancestorTitles":["","Ammaestratore Role","Win Condition"],"fullName":" Ammaestratore Role Win Condition should use village win condition","status":"passed","title":"should use village win condition","duration":4,"failureMessages":[]}],"startTime":1786283452480,"endTime":1786283452506,"status":"failed","message":"","name":"/home/marco/OneDrive_Università/altro/lupus/LupusInTab/src/__tests__/roles/ammaestratore.spec.ts"},{"assertionResults":[{"ancestorTitles":["","Angelo Role","Resolve Function"],"fullName":" Angelo Role Resolve Function should not perform any night actions","status":"passed","title":"should not perform any night actions","duration":3,"failureMessages":[]},{"ancestorTitles":["","Angelo Role","Resolve Function"],"fullName":" Angelo Role Resolve Function should handle any action without errors","status":"passed","title":"should handle any action without errors","duration":2,"failureMessages":[]},{"ancestorTitles":["","Angelo Role","Resolve Function"],"fullName":" Angelo Role Resolve Function should handle null action","status":"passed","title":"should handle null action","duration":1,"failureMessages":[]},{"ancestorTitles":["","Angelo Role","Resolve Function"],"fullName":" Angelo Role Resolve Function should handle undefined action","status":"passed","title":"should handle undefined action","duration":2,"failureMessages":[]},{"ancestorTitles":["","Angelo Role","Win Condition"],"fullName":" Angelo Role Win Condition should use village win condition","status":"passed","title":"should use village win condition","duration":1,"failureMessages":[]}],"startTime":1786283454094,"endTime":1786283454103,"status":"passed","message":"","name":"/home/marco/OneDrive_Università/altro/lupus/LupusInTab/src/__tests__/roles/angelo.spec.ts"},{"assertionResults":[{"ancestorTitles":["","Barabba Role","Resolve Function"],"fullName":" Barabba Role Resolve Function should add kill to pendingKills when target is valid","status":"passed","title":"should add kill to pendingKills when target is valid","duration":3,"failureMessages":[]},{"ancestorTitles":["","Barabba Role","Resolve Function"],"fullName":" Barabba Role Resolve Function should handle invalid target ID","status":"passed","title":"should handle invalid target ID","duration":1,"failureMessages":[]},{"ancestorTitles":["","Barabba Role","Resolve Function"],"fullName":" Barabba Role Resolve Function should handle missing target ID","status":"passed","title":"should handle missing target ID","duration":2,"failureMessages":[]},{"ancestorTitles":["","Barabba Role","Resolve Function"],"fullName":" Barabba Role Resolve Function should handle non-existent target","status":"passed","title":"should handle non-existent target","duration":2,"failureMessages":[]},{"ancestorTitles":["","Barabba Role","Win Condition"],"fullName":" Barabba Role Win Condition should use village win condition","status":"passed","title":"should use village win condition","duration":3,"failureMessages":[]}],"startTime":1786283453722,"endTime":1786283453733,"status":"passed","message":"","name":"/home/marco/OneDrive_Università/altro/lupus/LupusInTab/src/__tests__/roles/barabba.spec.ts"},{"assertionResults":[{"ancestorTitles":["","Boia Multiple Players","Multiple Boia Players"],"fullName":" Boia Multiple Players Multiple Boia Players should kill all Boia players when they make wrong guess together","status":"passed","title":"should kill all Boia players when they make wrong guess together","duration":3,"failureMessages":[]},{"ancestorTitles":["","Boia Multiple Players","Multiple Boia Players"],"fullName":" Boia Multiple Players Multiple Boia Players should kill target when Boia players make correct guess together","status":"passed","title":"should kill target when Boia players make correct guess together","duration":1,"failureMessages":[]},{"ancestorTitles":["","Boia Multiple Players","Multiple Boia Players"],"fullName":" Boia Multiple Players Multiple Boia Players should handle single Boia player correctly (backward compatibility)","status":"passed","title":"should handle single Boia player correctly (backward compatibility)","duration":1,"failureMessages":[]},{"ancestorTitles":["","Boia Multiple Players","Multiple Boia Players"],"fullName":" Boia Multiple Players Multiple Boia Players should handle empty playerIds array gracefully","status":"passed","title":"should handle empty playerIds array gracefully","duration":1,"failureMessages":[]},{"ancestorTitles":["","Boia Multiple Players","Multiple Boia Players"],"fullName":" Boia Multiple Players Multiple Boia Players should handle undefined playerIds gracefully","status":"passed","title":"should handle undefined playerIds gracefully","duration":1,"failureMessages":[]}],"startTime":1786283452345,"endTime":1786283452352,"status":"passed","message":"","name":"/home/marco/OneDrive_Università/altro/lupus/LupusInTab/src/__tests__/roles/boia-multiple-players.spec.ts"},{"assertionResults":[{"ancestorTitles":["","Boia Role","Resolve Function"],"fullName":" Boia Role Resolve Function should add kill to pendingKills when target is valid","status":"failed","title":"should add kill to pendingKills when target is valid","duration":24,"failureMessages":["expected undefined not to be undefined"],"location":{"line":62,"column":59}},{"ancestorTitles":["","Boia Role","Resolve Function"],"fullName":" Boia Role Resolve Function should handle targetId from result.targetId","status":"failed","title":"should handle targetId from result.targetId","duration":17,"failureMessages":["expected undefined not to be undefined"],"location":{"line":81,"column":59}},{"ancestorTitles":["","Boia Role","Resolve Function"],"fullName":" Boia Role Resolve Function should not duplicate kills for the same target","status":"failed","title":"should not duplicate kills for the same target","duration":4,"failureMessages":["Target cannot be null or undefined."],"location":{"line":102,"column":59}},{"ancestorTitles":["","Boia Role","Resolve Function"],"fullName":" Boia Role Resolve Function should handle invalid target ID","status":"passed","title":"should handle invalid target ID","duration":9,"failureMessages":[]},{"ancestorTitles":["","Boia Role","Resolve Function"],"fullName":" Boia Role Resolve Function should handle missing target ID","status":"passed","title":"should handle missing target ID","duration":1,"failureMessages":[]},{"ancestorTitles":["","Boia Role","Resolve Function"],"fullName":" Boia Role Resolve Function should handle non-existent target","status":"passed","title":"should handle non-existent target","duration":17,"failureMessages":[]},{"ancestorTitles":["","Boia Role","Resolve Function"],"fullName":" Boia Role Resolve Function should handle multiple targets correctly","status":"failed","title":"should handle multiple targets correctly","duration":16,"failureMessages":["Target cannot be null or undefined."],"location":{"line":166,"column":59}},{"ancestorTitles":["","Boia Role","Win Condition"],"fullName":" Boia Role Win Condition should use village win condition","status":"passed","title":"should use village win condition","duration":3,"failureMessages":[]}],"startTime":1786283452882,"endTime":1786283452973,"status":"failed","message":"","name":"/home/marco/OneDrive_Università/altro/lupus/LupusInTab/src/__tests__/roles/boia.spec.ts"},{"assertionResults":[{"ancestorTitles":["","Bugiardo Role","Role Definition"],"fullName":" Bugiardo Role Role Definition should have correct basic properties","status":"passed","title":"should have correct basic properties","duration":7,"failureMessages":[]},{"ancestorTitles":["","Bugiardo Role","Role Definition"],"fullName":" Bugiardo Role Role Definition should have prompt and resolve details components","status":"passed","title":"should have prompt and resolve details components","duration":6,"failureMessages":[]},{"ancestorTitles":["","Bugiardo Role","Resolve Function"],"fullName":" Bugiardo Role Resolve Function should investigate dead player and return correct result","status":"failed","title":"should investigate dead player and return correct result","duration":42,"failureMessages":["expected undefined not to be undefined"],"location":{"line":58,"column":22}},{"ancestorTitles":["","Bugiardo Role","Resolve Function"],"fullName":" Bugiardo Role Resolve Function should handle different dead player roles","status":"failed","title":"should handle different dead player roles","duration":38,"failureMessages":["Cannot read properties of undefined (reading 'discoveredRole')"],"location":{"line":72,"column":21}},{"ancestorTitles":["","Bugiardo Role","Resolve Function"],"fullName":" Bugiardo Role Resolve Function should return undefined for invalid target ID","status":"passed","title":"should return undefined for invalid target ID","duration":1,"failureMessages":[]},{"ancestorTitles":["","Bugiardo Role","Resolve Function"],"fullName":" Bugiardo Role Resolve Function should return undefined for non-existent target","status":"passed","title":"should return undefined for non-existent target","duration":29,"failureMessages":[]},{"ancestorTitles":["","Bugiardo Role","Resolve Function"],"fullName":" Bugiardo Role Resolve Function should handle action with result instead of data","status":"failed","title":"should handle action with result instead of data","duration":33,"failureMessages":["expected undefined not to be undefined"],"location":{"line":94,"column":22}},{"ancestorTitles":["","Bugiardo Role","Resolve Function"],"fullName":" Bugiardo Role Resolve Function should handle empty action","status":"passed","title":"should handle empty action","duration":6,"failureMessages":[]},{"ancestorTitles":["","Bugiardo Role","Win Condition"],"fullName":" Bugiardo Role Win Condition should use wolf win condition","status":"passed","title":"should use wolf win condition","duration":1,"failureMessages":[]},{"ancestorTitles":["","Bugiardo Role","Role Constraints"],"fullName":" Bugiardo Role Role Constraints should not be able to act before night 2","status":"passed","title":"should not be able to act before night 2","duration":1,"failureMessages":[]},{"ancestorTitles":["","Bugiardo Role","Role Constraints"],"fullName":" Bugiardo Role Role Constraints should be able to target dead players","status":"passed","title":"should be able to target dead players","duration":4,"failureMessages":[]},{"ancestorTitles":["","Bugiardo Role","Role Constraints"],"fullName":" Bugiardo Role Role Constraints should have limited usage","status":"passed","title":"should have limited usage","duration":1,"failureMessages":[]},{"ancestorTitles":["","Bugiardo Role","Role Constraints"],"fullName":" Bugiardo Role Role Constraints should be optional effect","status":"passed","title":"should be optional effect","duration":1,"failureMessages":[]}],"startTime":1786283453280,"endTime":1786283453453,"status":"failed","message":"","name":"/home/marco/OneDrive_Università/altro/lupus/LupusInTab/src/__tests__/roles/bugiardo.spec.ts"},{"assertionResults":[{"ancestorTitles":["","Genio della Lampada","resolve function"],"fullName":" Genio della Lampada resolve function should transform player to selected role","status":"passed","title":"should transform player to selected role","duration":13,"failureMessages":[]},{"ancestorTitles":["","Genio della Lampada","resolve function"],"fullName":" Genio della Lampada resolve function should not transform if action is invalid","status":"passed","title":"should not transform if action is invalid","duration":2,"failureMessages":[]},{"ancestorTitles":["","Genio della Lampada","resolve function"],"fullName":" Genio della Lampada resolve function should not transform if target role is not enabled","status":"passed","title":"should not transform if target role is not enabled","duration":3,"failureMessages":[]},{"ancestorTitles":["","Genio della Lampada","resolve function"],"fullName":" Genio della Lampada resolve function should handle role not found in ROLES","status":"passed","title":"should handle role not found in ROLES","duration":1,"failureMessages":[]},{"ancestorTitles":["","Genio della Lampada","resolve function"],"fullName":" Genio della Lampada resolve function should handle missing player in players array","status":"passed","title":"should handle missing player in players array","duration":1,"failureMessages":[]},{"ancestorTitles":["","Genio della Lampada","resolve function"],"fullName":" Genio della Lampada resolve function should transform into a role that was not originally in the game","status":"passed","title":"should transform into a role that was not originally in the game","duration":2,"failureMessages":[]},{"ancestorTitles":["","Genio della Lampada","night phase integration"],"fullName":" Genio della Lampada night phase integration should allow transformed role to be called during the same night","status":"passed","title":"should allow transformed role to be called during the same night","duration":3,"failureMessages":[]},{"ancestorTitles":["","Genio della Lampada","prompt functionality"],"fullName":" Genio della Lampada prompt functionality should provide 3 random roles from enabled roles","status":"passed","title":"should provide 3 random roles from enabled roles","duration":4,"failureMessages":[]},{"ancestorTitles":["","Genio della Lampada","prompt functionality"],"fullName":" Genio della Lampada prompt functionality should generate different roles on reshuffle","status":"passed","title":"should generate different roles on reshuffle","duration":3,"failureMessages":[]},{"ancestorTitles":["","Genio della Lampada","usage limit handling"],"fullName":" Genio della Lampada usage limit handling should reset usage count when transforming into a role with usage limits","status":"passed","title":"should reset usage count when transforming into a role with usage limits","duration":5,"failureMessages":[]},{"ancestorTitles":["","Genio della Lampada","usage limit handling"],"fullName":" Genio della Lampada usage limit handling should allow transformed player to use role even if other players reached usage limit","status":"passed","title":"should allow transformed player to use role even if other players reached usage limit","duration":2,"failureMessages":[]},{"ancestorTitles":["","Genio della Lampada","usage limit handling"],"fullName":" Genio della Lampada usage limit handling should demonstrate that role can act when some players have usage limits but others don't","status":"passed","title":"should demonstrate that role can act when some players have usage limits but others don't","duration":6,"failureMessages":[]},{"ancestorTitles":["","Genio della Lampada","usage limit handling"],"fullName":" Genio della Lampada usage limit handling should handle genio transformation into giustiziere with usage limits correctly","status":"passed","title":"should handle genio transformation into giustiziere with usage limits correctly","duration":1,"failureMessages":[]},{"ancestorTitles":["","Genio della Lampada","usage limit handling"],"fullName":" Genio della Lampada usage limit handling should verify that usage limit prompt logic works correctly","status":"passed","title":"should verify that usage limit prompt logic works correctly","duration":2,"failureMessages":[]}],"startTime":1786283451901,"endTime":1786283451949,"status":"passed","message":"","name":"/home/marco/OneDrive_Università/altro/lupus/LupusInTab/src/__tests__/roles/genio.spec.ts"},{"assertionResults":[{"ancestorTitles":["","Giustiziere Role","Resolve Function"],"fullName":" Giustiziere Role Resolve Function should add kill to pendingKills when target is valid","status":"passed","title":"should add kill to pendingKills when target is valid","duration":29,"failureMessages":[]},{"ancestorTitles":["","Giustiziere Role","Resolve Function"],"fullName":" Giustiziere Role Resolve Function should handle targetId from result.targetId","status":"passed","title":"should handle targetId from result.targetId","duration":1,"failureMessages":[]},{"ancestorTitles":["","Giustiziere Role","Resolve Function"],"fullName":" Giustiziere Role Resolve Function should not duplicate kills for the same target","status":"passed","title":"should not duplicate kills for the same target","duration":12,"failureMessages":[]},{"ancestorTitles":["","Giustiziere Role","Resolve Function"],"fullName":" Giustiziere Role Resolve Function should handle invalid target ID","status":"passed","title":"should handle invalid target ID","duration":2,"failureMessages":[]},{"ancestorTitles":["","Giustiziere Role","Resolve Function"],"fullName":" Giustiziere Role Resolve Function should handle missing target ID","status":"passed","title":"should handle missing target ID","duration":10,"failureMessages":[]},{"ancestorTitles":["","Giustiziere Role","Resolve Function"],"fullName":" Giustiziere Role Resolve Function should handle non-existent target","status":"passed","title":"should handle non-existent target","duration":2,"failureMessages":[]},{"ancestorTitles":["","Giustiziere Role","Resolve Function"],"fullName":" Giustiziere Role Resolve Function should handle multiple targets correctly","status":"passed","title":"should handle multiple targets correctly","duration":31,"failureMessages":[]},{"ancestorTitles":["","Giustiziere Role","Win Condition"],"fullName":" Giustiziere Role Win Condition should use village win condition","status":"passed","title":"should use village win condition","duration":10,"failureMessages":[]}],"startTime":1786283453246,"endTime":1786283453343,"status":"passed","message":"","name":"/home/marco/OneDrive_Università/altro/lupus/LupusInTab/src/__tests__/roles/giustiziere.spec.ts"},{"assertionResults":[{"ancestorTitles":["","Guardia (Doctor) Role","Resolve Function"],"fullName":" Guardia (Doctor) Role Resolve Function should protect target from lupo kills","status":"passed","title":"should protect target from lupo kills","duration":4,"failureMessages":[]},{"ancestorTitles":["","Guardia (Doctor) Role","Resolve Function"],"fullName":" Guardia (Doctor) Role Resolve Function should not affect kills from other roles","status":"passed","title":"should not affect kills from other roles","duration":4,"failureMessages":[]},{"ancestorTitles":["","Guardia (Doctor) Role","Resolve Function"],"fullName":" Guardia (Doctor) Role Resolve Function should handle invalid target ID","status":"passed","title":"should handle invalid target ID","duration":1,"failureMessages":[]},{"ancestorTitles":["","Guardia (Doctor) Role","Resolve Function"],"fullName":" Guardia (Doctor) Role Resolve Function should handle missing target ID","status":"passed","title":"should handle missing target ID","duration":2,"failureMessages":[]},{"ancestorTitles":["","Guardia (Doctor) Role","Resolve Function"],"fullName":" Guardia (Doctor) Role Resolve Function should handle non-existent target","status":"passed","title":"should handle non-existent target","duration":3,"failureMessages":[]},{"ancestorTitles":["","Guardia (Doctor) Role","Resolve Function"],"fullName":" Guardia (Doctor) Role Resolve Function should record save action in history","status":"passed","title":"should record save action in history","duration":2,"failureMessages":[]},{"ancestorTitles":["","Guardia (Doctor) Role","Resolve Function"],"fullName":" Guardia (Doctor) Role Resolve Function should handle skip action","status":"passed","title":"should handle skip action","duration":2,"failureMessages":[]},{"ancestorTitles":["","Guardia (Doctor) Role","Resolve Function"],"fullName":" Guardia (Doctor) Role Resolve Function should handle skip action with data.skipped flag","status":"passed","title":"should handle skip action with data.skipped flag","duration":2,"failureMessages":[]},{"ancestorTitles":["","Guardia (Doctor) Role","Win Condition"],"fullName":" Guardia (Doctor) Role Win Condition should use village win condition","status":"passed","title":"should use village win condition","duration":1,"failureMessages":[]}],"startTime":1786283452509,"endTime":1786283452531,"status":"passed","message":"","name":"/home/marco/OneDrive_Università/altro/lupus/LupusInTab/src/__tests__/roles/guardia.spec.ts"},{"assertionResults":[{"ancestorTitles":["","Illusionista Role","Resolve Function"],"fullName":" Illusionista Role Resolve Function should block target player when target is valid","status":"passed","title":"should block target player when target is valid","duration":17,"failureMessages":[]},{"ancestorTitles":["","Illusionista Role","Resolve Function"],"fullName":" Illusionista Role Resolve Function should handle any action without errors","status":"passed","title":"should handle any action without errors","duration":5,"failureMessages":[]},{"ancestorTitles":["","Illusionista Role","Resolve Function"],"fullName":" Illusionista Role Resolve Function should handle null action","status":"passed","title":"should handle null action","duration":4,"failureMessages":[]},{"ancestorTitles":["","Illusionista Role","Resolve Function"],"fullName":" Illusionista Role Resolve Function should handle undefined action","status":"passed","title":"should handle undefined action","duration":2,"failureMessages":[]},{"ancestorTitles":["","Illusionista Role","Win Condition"],"fullName":" Illusionista Role Win Condition should use village win condition","status":"passed","title":"should use village win condition","duration":1,"failureMessages":[]}],"startTime":1786283453904,"endTime":1786283453933,"status":"passed","message":"","name":"/home/marco/OneDrive_Università/altro/lupus/LupusInTab/src/__tests__/roles/illusionista.spec.ts"},{"assertionResults":[{"ancestorTitles":["","Indemoniato Role","Resolve Function"],"fullName":" Indemoniato Role Resolve Function should not perform any night actions","status":"passed","title":"should not perform any night actions","duration":2,"failureMessages":[]},{"ancestorTitles":["","Indemoniato Role","Resolve Function"],"fullName":" Indemoniato Role Resolve Function should handle any action without errors","status":"passed","title":"should handle any action without errors","duration":16,"failureMessages":[]},{"ancestorTitles":["","Indemoniato Role","Resolve Function"],"fullName":" Indemoniato Role Resolve Function should handle null action","status":"passed","title":"should handle null action","duration":3,"failureMessages":[]},{"ancestorTitles":["","Indemoniato Role","Resolve Function"],"fullName":" Indemoniato Role Resolve Function should handle undefined action","status":"passed","title":"should handle undefined action","duration":1,"failureMessages":[]},{"ancestorTitles":["","Indemoniato Role","Win Condition"],"fullName":" Indemoniato Role Win Condition should use wolves win condition","status":"passed","title":"should use wolves win condition","duration":1,"failureMessages":[]}],"startTime":1786283454021,"endTime":1786283454044,"status":"passed","message":"","name":"/home/marco/OneDrive_Università/altro/lupus/LupusInTab/src/__tests__/roles/indemoniato.spec.ts"},{"assertionResults":[{"ancestorTitles":["","Insinuo Role","Resolve Function"],"fullName":" Insinuo Role Resolve Function should not perform any night actions","status":"failed","title":"should not perform any night actions","duration":6,"failureMessages":["expected undefined not to be undefined"],"location":{"line":73,"column":22}},{"ancestorTitles":["","Insinuo Role","Resolve Function"],"fullName":" Insinuo Role Resolve Function should handle any action without errors","status":"passed","title":"should handle any action without errors","duration":3,"failureMessages":[]},{"ancestorTitles":["","Insinuo Role","Resolve Function"],"fullName":" Insinuo Role Resolve Function should handle null action","status":"passed","title":"should handle null action","duration":24,"failureMessages":[]},{"ancestorTitles":["","Insinuo Role","Resolve Function"],"fullName":" Insinuo Role Resolve Function should handle undefined action","status":"passed","title":"should handle undefined action","duration":2,"failureMessages":[]},{"ancestorTitles":["","Insinuo Role","Win Condition"],"fullName":" Insinuo Role Win Condition should use village win condition","status":"passed","title":"should use village win condition","duration":1,"failureMessages":[]}],"startTime":1786283453857,"endTime":1786283453893,"status":"failed","message":"","name":"/home/marco/OneDrive_Università/altro/lupus/LupusInTab/src/__tests__/roles/insinuo.spec.ts"},{"assertionResults":[{"ancestorTitles":["","Lupo Role","Resolve Function"],"fullName":" Lupo Role Resolve Function should add kill to pendingKills when target is valid","status":"passed","title":"should add kill to pendingKills when target is valid","duration":12,"failureMessages":[]},{"ancestorTitles":["","Lupo Role","Resolve Function"],"fullName":" Lupo Role Resolve Function should handle targetIds from result.targetIds","status":"passed","title":"should handle targetIds from result.targetIds","duration":2,"failureMessages":[]},{"ancestorTitles":["","Lupo Role","Resolve Function"],"fullName":" Lupo Role Resolve Function should not duplicate kills for the same target","status":"passed","title":"should not duplicate kills for the same target","duration":7,"failureMessages":[]},{"ancestorTitles":["","Lupo Role","Resolve Function"],"fullName":" Lupo Role Resolve Function should handle invalid target ID","status":"passed","title":"should handle invalid target ID","duration":1,"failureMessages":[]},{"ancestorTitles":["","Lupo Role","Resolve Function"],"fullName":" Lupo Role Resolve Function should handle missing target ID","status":"passed","title":"should handle missing target ID","duration":2,"failureMessages":[]},{"ancestorTitles":["","Lupo Role","Resolve Function"],"fullName":" Lupo Role Resolve Function should handle non-existent target","status":"passed","title":"should handle non-existent target","duration":4,"failureMessages":[]},{"ancestorTitles":["","Lupo Role","Resolve Function"],"fullName":" Lupo Role Resolve Function should handle multiple targets correctly","status":"passed","title":"should handle multiple targets correctly","duration":21,"failureMessages":[]},{"ancestorTitles":["","Lupo Role","Win Condition"],"fullName":" Lupo Role Win Condition should use wolves win condition","status":"passed","title":"should use wolves win condition","duration":1,"failureMessages":[]}],"startTime":1786283453522,"endTime":1786283453573,"status":"passed","message":"","name":"/home/marco/OneDrive_Università/altro/lupus/LupusInTab/src/__tests__/roles/lupo.spec.ts"},{"assertionResults":[{"ancestorTitles":["","Lupo Ciccione Role","Role Properties"],"fullName":" Lupo Ciccione Role Role Properties should have correct basic properties","status":"passed","title":"should have correct basic properties","duration":1,"failureMessages":[]},{"ancestorTitles":["","Lupo Ciccione Role","Role Properties"],"fullName":" Lupo Ciccione Role Role Properties should have passive effect function","status":"passed","title":"should have passive effect function","duration":1,"failureMessages":[]},{"ancestorTitles":["","Lupo Ciccione Role","Role Properties"],"fullName":" Lupo Ciccione Role Role Properties should have restore function","status":"passed","title":"should have restore function","duration":1,"failureMessages":[]},{"ancestorTitles":["","Lupo Ciccione Role","Passive Effect"],"fullName":" Lupo Ciccione Role Passive Effect should affect left and right alive players","status":"passed","title":"should affect left and right alive players","duration":0,"failureMessages":[]},{"ancestorTitles":["","Lupo Ciccione Role","Passive Effect"],"fullName":" Lupo Ciccione Role Passive Effect should skip dead players when finding left and right","status":"passed","title":"should skip dead players when finding left and right","duration":1,"failureMessages":[]},{"ancestorTitles":["","Lupo Ciccione Role","Passive Effect"],"fullName":" Lupo Ciccione Role Passive Effect should not affect players if lupo ciccione is dead","status":"passed","title":"should not affect players if lupo ciccione is dead","duration":1,"failureMessages":[]},{"ancestorTitles":["","Lupo Ciccione Role","Passive Effect"],"fullName":" Lupo Ciccione Role Passive Effect should store original visibleAsTeam values","status":"passed","title":"should store original visibleAsTeam values","duration":1,"failureMessages":[]},{"ancestorTitles":["","Lupo Ciccione Role","Passive Effect"],"fullName":" Lupo Ciccione Role Passive Effect should handle circular seating correctly","status":"passed","title":"should handle circular seating correctly","duration":1,"failureMessages":[]},{"ancestorTitles":["","Lupo Ciccione Role","Passive Effect"],"fullName":" Lupo Ciccione Role Passive Effect should handle circular seating when lupo ciccione is last player","status":"passed","title":"should handle circular seating when lupo ciccione is last player","duration":1,"failureMessages":[]},{"ancestorTitles":["","Lupo Ciccione Role","Passive Effect"],"fullName":" Lupo Ciccione Role Passive Effect should handle circular seating when lupo ciccione is first player","status":"passed","title":"should handle circular seating when lupo ciccione is first player","duration":0,"failureMessages":[]},{"ancestorTitles":["","Lupo Ciccione Role","Restore Function"],"fullName":" Lupo Ciccione Role Restore Function should restore original visibleAsTeam values","status":"passed","title":"should restore original visibleAsTeam values","duration":0,"failureMessages":[]},{"ancestorTitles":["","Lupo Ciccione Role","Restore Function"],"fullName":" Lupo Ciccione Role Restore Function should clear custom data after restore","status":"passed","title":"should clear custom data after restore","duration":1,"failureMessages":[]},{"ancestorTitles":["","Lupo Ciccione Role","Restore Function"],"fullName":" Lupo Ciccione Role Restore Function should handle restore with no affected players","status":"passed","title":"should handle restore with no affected players","duration":2,"failureMessages":[]},{"ancestorTitles":["","Lupo Ciccione Role","Edge Cases"],"fullName":" Lupo Ciccione Role Edge Cases should handle single player game","status":"passed","title":"should handle single player game","duration":1,"failureMessages":[]},{"ancestorTitles":["","Lupo Ciccione Role","Edge Cases"],"fullName":" Lupo Ciccione Role Edge Cases should handle all players dead except lupo ciccione","status":"passed","title":"should handle all players dead except lupo ciccione","duration":1,"failureMessages":[]}],"startTime":1786283452198,"endTime":1786283452212,"status":"passed","message":"","name":"/home/marco/OneDrive_Università/altro/lupus/LupusInTab/src/__tests__/roles/lupoCiccione.spec.ts"},{"assertionResults":[{"ancestorTitles":["","Lupomannaro Role","Resolve Function"],"fullName":" Lupomannaro Role Resolve Function should add kill to pendingKills when target is valid","status":"failed","title":"should add kill to pendingKills when target is valid","duration":4,"failureMessages":["expected undefined not to be undefined"],"location":{"line":60,"column":59}},{"ancestorTitles":["","Lupomannaro Role","Resolve Function"],"fullName":" Lupomannaro Role Resolve Function should handle targetId from result.targetId","status":"failed","title":"should handle targetId from result.targetId","duration":2,"failureMessages":["expected undefined not to be undefined"],"location":{"line":79,"column":59}},{"ancestorTitles":["","Lupomannaro Role","Resolve Function"],"fullName":" Lupomannaro Role Resolve Function should not duplicate kills for the same target","status":"failed","title":"should not duplicate kills for the same target","duration":3,"failureMessages":["Target cannot be null or undefined."],"location":{"line":100,"column":59}},{"ancestorTitles":["","Lupomannaro Role","Resolve Function"],"fullName":" Lupomannaro Role Resolve Function should handle invalid target ID","status":"passed","title":"should handle invalid target ID","duration":1,"failureMessages":[]},{"ancestorTitles":["","Lupomannaro Role","Resolve Function"],"fullName":" Lupomannaro Role Resolve Function should handle missing target ID","status":"passed","title":"should handle missing target ID","duration":1,"failureMessages":[]},{"ancestorTitles":["","Lupomannaro Role","Resolve Function"],"fullName":" Lupomannaro Role Resolve Function should handle non-existent target","status":"passed","title":"should handle non-existent target","duration":2,"failureMessages":[]},{"ancestorTitles":["","Lupomannaro Role","Resolve Function"],"fullName":" Lupomannaro Role Resolve Function should handle multiple targets correctly","status":"failed","title":"should handle multiple targets correctly","duration":2,"failureMessages":["Target cannot be null or undefined."],"location":{"line":164,"column":59}},{"ancestorTitles":["","Lupomannaro Role","Win Condition"],"fullName":" Lupomannaro Role Win Condition should use wolves win condition","status":"passed","title":"should use wolves win condition","duration":1,"failureMessages":[]},{"ancestorTitles":["","Lupomannaro Role","Passive Effect"],"fullName":" Lupomannaro Role Passive Effect should be immune to lupo kills","status":"passed","title":"should be immune to lupo kills","duration":1,"failureMessages":[]},{"ancestorTitles":["","Lupomannaro Role","Passive Effect"],"fullName":" Lupomannaro Role Passive Effect should not be immune to other role kills","status":"passed","title":"should not be immune to other role kills","duration":2,"failureMessages":[]},{"ancestorTitles":["","Lupomannaro Role","Passive Effect"],"fullName":" Lupomannaro Role Passive Effect should handle case with no pending kills","status":"passed","title":"should handle case with no pending kills","duration":1,"failureMessages":[]},{"ancestorTitles":["","Lupomannaro Role","Passive Effect"],"fullName":" Lupomannaro Role Passive Effect should prevent lupo from killing lupomannaro in the game flow","status":"passed","title":"should prevent lupo from killing lupomannaro in the game flow","duration":1,"failureMessages":[]}],"startTime":1786283452397,"endTime":1786283452420,"status":"failed","message":"","name":"/home/marco/OneDrive_Università/altro/lupus/LupusInTab/src/__tests__/roles/lupomannaro.spec.ts"},{"assertionResults":[{"ancestorTitles":["","Massone Role","Resolve Function"],"fullName":" Massone Role Resolve Function should not perform any night actions","status":"passed","title":"should not perform any night actions","duration":5,"failureMessages":[]},{"ancestorTitles":["","Massone Role","Resolve Function"],"fullName":" Massone Role Resolve Function should handle any action without errors","status":"passed","title":"should handle any action without errors","duration":5,"failureMessages":[]},{"ancestorTitles":["","Massone Role","Resolve Function"],"fullName":" Massone Role Resolve Function should handle null action","status":"passed","title":"should handle null action","duration":9,"failureMessages":[]},{"ancestorTitles":["","Massone Role","Resolve Function"],"fullName":" Massone Role Resolve Function should handle undefined action","status":"passed","title":"should handle undefined action","duration":11,"failureMessages":[]},{"ancestorTitles":["","Massone Role","Win Condition"],"fullName":" Massone Role Win Condition should use village win condition","status":"passed","title":"should use village win condition","duration":2,"failureMessages":[]}],"startTime":1786283454143,"endTime":1786283454175,"status":"passed","message":"","name":"/home/marco/OneDrive_Università/altro/lupus/LupusInTab/src/__tests__/roles/massone.spec.ts"},{"assertionResults":[{"ancestorTitles":["","Matto Role","Resolve Function"],"fullName":" Matto Role Resolve Function should not perform any night actions","status":"passed","title":"should not perform any night actions","duration":2,"failureMessages":[]},{"ancestorTitles":["","Matto Role","Resolve Function"],"fullName":" Matto Role Resolve Function should handle any action without errors","status":"passed","title":"should handle any action without errors","duration":2,"failureMessages":[]},{"ancestorTitles":["","Matto Role","Resolve Function"],"fullName":" Matto Role Resolve Function should handle null action","status":"passed","title":"should handle null action","duration":1,"failureMessages":[]},{"ancestorTitles":["","Matto Role","Resolve Function"],"fullName":" Matto Role Resolve Function should handle undefined action","status":"passed","title":"should handle undefined action","duration":5,"failureMessages":[]},{"ancestorTitles":["","Matto Role","Win Condition"],"fullName":" Matto Role Win Condition should use village win condition","status":"passed","title":"should use village win condition","duration":2,"failureMessages":[]}],"startTime":1786283454274,"endTime":1786283454286,"status":"passed","message":"","name":"/home/marco/OneDrive_Università/altro/lupus/LupusInTab/src/__tests__/roles/matto.spec.ts"},{"assertionResults":[{"ancestorTitles":["","Miss Purple Role","Role Definition"],"fullName":" Miss Purple Role Role Definition should have correct basic properties","status":"passed","title":"should have correct basic properties","duration":2,"failureMessages":[]},{"ancestorTitles":["","Miss Purple Role","Role Definition"],"fullName":" Miss Purple Role Role Definition should have prompt and resolve details components","status":"passed","title":"should have prompt and resolve details components","duration":11,"failureMessages":[]},{"ancestorTitles":["","Miss Purple Role","Resolve Function"],"fullName":" Miss Purple Role Resolve Function should count only alive lupi","status":"failed","title":"should count only alive lupi","duration":9,"failureMessages":["expected +0 to be 1 // Object.is equality"],"location":{"line":47,"column":32}},{"ancestorTitles":["","Miss Purple Role","Resolve Function"],"fullName":" Miss Purple Role Resolve Function should count lupi by visibleAsTeam first, then realTeam","status":"failed","title":"should count lupi by visibleAsTeam first, then realTeam","duration":5,"failureMessages":["expected +0 to be 2 // Object.is equality"],"location":{"line":60,"column":32}},{"ancestorTitles":["","Miss Purple Role","Resolve Function"],"fullName":" Miss Purple Role Resolve Function should handle no lupi","status":"passed","title":"should handle no lupi","duration":3,"failureMessages":[]},{"ancestorTitles":["","Miss Purple Role","Resolve Function"],"fullName":" Miss Purple Role Resolve Function should handle empty action","status":"failed","title":"should handle empty action","duration":6,"failureMessages":["expected +0 to be 1 // Object.is equality"],"location":{"line":77,"column":32}},{"ancestorTitles":["","Miss Purple Role","Win Condition"],"fullName":" Miss Purple Role Win Condition should use village win condition","status":"passed","title":"should use village win condition","duration":1,"failureMessages":[]}],"startTime":1786283453710,"endTime":1786283453747,"status":"failed","message":"","name":"/home/marco/OneDrive_Università/altro/lupus/LupusInTab/src/__tests__/roles/misspurple.spec.ts"},{"assertionResults":[{"ancestorTitles":["","MuccaMannara Role","Role Properties"],"fullName":" MuccaMannara Role Role Properties should have correct basic properties","status":"passed","title":"should have correct basic properties","duration":1,"failureMessages":[]},{"ancestorTitles":["","MuccaMannara Role","Role Properties"],"fullName":" MuccaMannara Role Role Properties should not act at night","status":"passed","title":"should not act at night","duration":1,"failureMessages":[]},{"ancestorTitles":["","MuccaMannara Role","Passive Effect Function"],"fullName":" MuccaMannara Role Passive Effect Function should filter out lupo kills from pendingKills","status":"passed","title":"should filter out lupo kills from pendingKills","duration":1,"failureMessages":[]},{"ancestorTitles":["","MuccaMannara Role","Passive Effect Function"],"fullName":" MuccaMannara Role Passive Effect Function should remove player from pendingKills if only lupo kills remain","status":"passed","title":"should remove player from pendingKills if only lupo kills remain","duration":0,"failureMessages":[]},{"ancestorTitles":["","MuccaMannara Role","Passive Effect Function"],"fullName":" MuccaMannara Role Passive Effect Function should handle case with no pending kills","status":"passed","title":"should handle case with no pending kills","duration":8,"failureMessages":[]},{"ancestorTitles":["","MuccaMannara Role","Passive Effect Function"],"fullName":" MuccaMannara Role Passive Effect Function should handle case with mixed kill types","status":"passed","title":"should handle case with mixed kill types","duration":1,"failureMessages":[]},{"ancestorTitles":["","MuccaMannara Role","Night Phase Integration"],"fullName":" MuccaMannara Role Night Phase Integration should apply passive effect during night phase resolution","status":"failed","title":"should apply passive effect during night phase resolution","duration":13,"failureMessages":["NightPhaseManager.getCurrentTurn is not a function"],"location":{"line":154,"column":36}},{"ancestorTitles":["","MuccaMannara Role","Night Phase Integration"],"fullName":" MuccaMannara Role Night Phase Integration should apply passive effect when no other roles act at night","status":"failed","title":"should apply passive effect when no other roles act at night","duration":2,"failureMessages":["NightPhaseManager.getCurrentTurn is not a function"],"location":{"line":195,"column":36}},{"ancestorTitles":["","MuccaMannara Role","Night Phase Integration"],"fullName":" MuccaMannara Role Night Phase Integration should track roles with passive effects in night context","status":"failed","title":"should track roles with passive effects in night context","duration":1,"failureMessages":["NightPhaseManager.getCurrentTurn is not a function"],"location":{"line":236,"column":36}},{"ancestorTitles":["","MuccaMannara Role","Night Phase Integration"],"fullName":" MuccaMannara Role Night Phase Integration should survive lupi attack due to passive effect","status":"passed","title":"should survive lupi attack due to passive effect","duration":1,"failureMessages":[]},{"ancestorTitles":["","MuccaMannara Role","Night Phase Integration"],"fullName":" MuccaMannara Role Night Phase Integration should still die from non-lupi kills","status":"passed","title":"should still die from non-lupi kills","duration":1,"failureMessages":[]},{"ancestorTitles":["","MuccaMannara Role","Day Phase Integration"],"fullName":" MuccaMannara Role Day Phase Integration should call restore functions for roles that acted during the night","status":"passed","title":"should call restore functions for roles that acted during the night","duration":2,"failureMessages":[]},{"ancestorTitles":["","MuccaMannara Role","Win Condition"],"fullName":" MuccaMannara Role Win Condition should win when mannari count >= non-mannari count","status":"passed","title":"should win when mannari count >= non-mannari count","duration":1,"failureMessages":[]},{"ancestorTitles":["","MuccaMannara Role","Win Condition"],"fullName":" MuccaMannara Role Win Condition should not win when mannari count < non-mannari count","status":"passed","title":"should not win when mannari count < non-mannari count","duration":0,"failureMessages":[]},{"ancestorTitles":["","MuccaMannara Role","Win Condition"],"fullName":" MuccaMannara Role Win Condition should not win when no mannari are alive","status":"passed","title":"should not win when no mannari are alive","duration":1,"failureMessages":[]},{"ancestorTitles":["","MuccaMannara Role","Win Condition"],"fullName":" MuccaMannara Role Win Condition should win when mannari count equals non-mannari count","status":"passed","title":"should win when mannari count equals non-mannari count","duration":0,"failureMessages":[]}],"startTime":1786283452037,"endTime":1786283452071,"status":"failed","message":"","name":"/home/marco/OneDrive_Università/altro/lupus/LupusInTab/src/__tests__/roles/muccamannara.spec.ts"},{"assertionResults":[{"ancestorTitles":["","Mutaforma Role","Role Definition"],"fullName":" Mutaforma Role Role Definition should have correct basic properties","status":"passed","title":"should have correct basic properties","duration":1,"failureMessages":[]},{"ancestorTitles":["","Mutaforma Role","Role Definition"],"fullName":" Mutaforma Role Role Definition should have prompt and resolve details components","status":"passed","title":"should have prompt and resolve details components","duration":1,"failureMessages":[]},{"ancestorTitles":["","Mutaforma Role","Resolve Function"],"fullName":" Mutaforma Role Resolve Function should return null for invalid target ID","status":"passed","title":"should return null for invalid target ID","duration":1,"failureMessages":[]},{"ancestorTitles":["","Mutaforma Role","Resolve Function"],"fullName":" Mutaforma Role Resolve Function should return null for non-existent target","status":"passed","title":"should return null for non-existent target","duration":1,"failureMessages":[]},{"ancestorTitles":["","Mutaforma Role","Resolve Function"],"fullName":" Mutaforma Role Resolve Function should handle roles that cannot be used","status":"failed","title":"should handle roles that cannot be used","duration":2,"failureMessages":["expected undefined not to be undefined"],"location":{"line":144,"column":22}},{"ancestorTitles":["","Mutaforma Role","Resolve Function"],"fullName":" Mutaforma Role Resolve Function should successfully copy usable roles","status":"failed","title":"should successfully copy usable roles","duration":2,"failureMessages":["expected undefined not to be undefined"],"location":{"line":156,"column":22}},{"ancestorTitles":["","Mutaforma Role","Resolve Function"],"fullName":" Mutaforma Role Resolve Function should call target role resolve function with correct context","status":"failed","title":"should call target role resolve function with correct context","duration":1,"failureMessages":["expected undefined not to be undefined"],"location":{"line":171,"column":22}},{"ancestorTitles":["","Mutaforma Role","Resolve Function"],"fullName":" Mutaforma Role Resolve Function should handle errors in target role resolve function","status":"failed","title":"should handle errors in target role resolve function","duration":2,"failureMessages":["expected undefined not to be undefined"],"location":{"line":181,"column":22}},{"ancestorTitles":["","Mutaforma Role","Resolve Function"],"fullName":" Mutaforma Role Resolve Function should store complete target role information","status":"failed","title":"should store complete target role information","duration":1,"failureMessages":["Cannot read properties of undefined (reading 'data')"],"location":{"line":189,"column":21}},{"ancestorTitles":["","Mutaforma Role","Win Condition"],"fullName":" Mutaforma Role Win Condition should use simbionti win condition","status":"passed","title":"should use simbionti win condition","duration":1,"failureMessages":[]},{"ancestorTitles":["","Mutaforma Role","Edge Cases"],"fullName":" Mutaforma Role Edge Cases should handle missing target role gracefully","status":"passed","title":"should handle missing target role gracefully","duration":1,"failureMessages":[]},{"ancestorTitles":["","Mutaforma Role","Edge Cases"],"fullName":" Mutaforma Role Edge Cases should handle target role without resolve function","status":"failed","title":"should handle target role without resolve function","duration":2,"failureMessages":["expected undefined not to be undefined"],"location":{"line":231,"column":22}},{"ancestorTitles":["","Mutaforma Role","Edge Cases"],"fullName":" Mutaforma Role Edge Cases should handle mutaforma being dead","status":"failed","title":"should handle mutaforma being dead","duration":2,"failureMessages":["expected undefined not to be undefined"],"location":{"line":242,"column":22}}],"startTime":1786283452252,"endTime":1786283452271,"status":"failed","message":"","name":"/home/marco/OneDrive_Università/altro/lupus/LupusInTab/src/__tests__/roles/mutaforma.spec.ts"},{"assertionResults":[{"ancestorTitles":["","Parassita Role","Role Definition"],"fullName":" Parassita Role Role Definition should have correct basic properties","status":"passed","title":"should have correct basic properties","duration":1,"failureMessages":[]},{"ancestorTitles":["","Parassita Role","Role Definition"],"fullName":" Parassita Role Role Definition should have correct description and color","status":"passed","title":"should have correct description and color","duration":1,"failureMessages":[]},{"ancestorTitles":["","Parassita Role","Resolve Function"],"fullName":" Parassita Role Resolve Function should initialize custom state when not present","status":"failed","title":"should initialize custom state when not present","duration":6,"failureMessages":["expected undefined not to be undefined"],"location":{"line":83,"column":36}},{"ancestorTitles":["","Parassita Role","Resolve Function"],"fullName":" Parassita Role Resolve Function should not allow targeting already infected players","status":"failed","title":"should not allow targeting already infected players","duration":4,"failureMessages":["expected [ 2 ] to include 3"],"location":{"line":100,"column":54}},{"ancestorTitles":["","Parassita Role","Resolve Function"],"fullName":" Parassita Role Resolve Function should track usage count correctly","status":"failed","title":"should track usage count correctly","duration":1,"failureMessages":["Cannot read properties of undefined (reading 'parassita')"],"location":{"line":113,"column":35}},{"ancestorTitles":["","Parassita Role","Resolve Function"],"fullName":" Parassita Role Resolve Function should add targets to infetti list","status":"failed","title":"should add targets to infetti list","duration":2,"failureMessages":["Cannot read properties of undefined (reading 'parassita')"],"location":{"line":131,"column":35}},{"ancestorTitles":["","Parassita Role","Resolve Function"],"fullName":" Parassita Role Resolve Function should not duplicate targets in infetti list","status":"failed","title":"should not duplicate targets in infetti list","duration":2,"failureMessages":["Cannot read properties of undefined (reading 'parassita')"],"location":{"line":150,"column":35}},{"ancestorTitles":["","Parassita Role","Resolve Function"],"fullName":" Parassita Role Resolve Function should handle empty targetIds","status":"passed","title":"should handle empty targetIds","duration":1,"failureMessages":[]},{"ancestorTitles":["","Parassita Role","Resolve Function"],"fullName":" Parassita Role Resolve Function should handle invalid targetIds","status":"passed","title":"should handle invalid targetIds","duration":6,"failureMessages":[]},{"ancestorTitles":["","Parassita Role","Resolve Function"],"fullName":" Parassita Role Resolve Function should return correct result object","status":"failed","title":"should return correct result object","duration":10,"failureMessages":["expected { type: 'parassita_action', …(4) } to deeply equal { type: 'parassita_action', …(5) }"],"location":{"line":188,"column":22}},{"ancestorTitles":["","Parassita Role","CheckWin Function"],"fullName":" Parassita Role CheckWin Function should return false when no custom state exists","status":"passed","title":"should return false when no custom state exists","duration":1,"failureMessages":[]},{"ancestorTitles":["","Parassita Role","CheckWin Function"],"fullName":" Parassita Role CheckWin Function should return false when no infetti exist","status":"passed","title":"should return false when no infetti exist","duration":1,"failureMessages":[]},{"ancestorTitles":["","Parassita Role","CheckWin Function"],"fullName":" Parassita Role CheckWin Function should return false when not all alive players are infetti","status":"passed","title":"should return false when not all alive players are infetti","duration":0,"failureMessages":[]},{"ancestorTitles":["","Parassita Role","CheckWin Function"],"fullName":" Parassita Role CheckWin Function should return true when all alive players except Parassita are infetti","status":"failed","title":"should return true when all alive players except Parassita are infetti","duration":2,"failureMessages":["expected false to be true // Object.is equality"],"location":{"line":220,"column":22}},{"ancestorTitles":["","Parassita Role","CheckWin Function"],"fullName":" Parassita Role CheckWin Function should return false when not all alive players except Parassita are infetti (some dead players)","status":"passed","title":"should return false when not all alive players except Parassita are infetti (some dead players)","duration":1,"failureMessages":[]},{"ancestorTitles":["","Parassita Role","CheckWin Function"],"fullName":" Parassita Role CheckWin Function should return false when some alive players are not infetti","status":"passed","title":"should return false when some alive players are not infetti","duration":1,"failureMessages":[]},{"ancestorTitles":["","Parassita Role","CheckWin Function"],"fullName":" Parassita Role CheckWin Function should return false when Parassita is dead","status":"passed","title":"should return false when Parassita is dead","duration":1,"failureMessages":[]},{"ancestorTitles":["","Parassita Role","Component Functions"],"fullName":" Parassita Role Component Functions should have prompt component function","status":"passed","title":"should have prompt component function","duration":1,"failureMessages":[]},{"ancestorTitles":["","Parassita Role","Component Functions"],"fullName":" Parassita Role Component Functions should have details component function","status":"passed","title":"should have details component function","duration":0,"failureMessages":[]},{"ancestorTitles":["","Parassita Role","Prompt Component Logic"],"fullName":" Parassita Role Prompt Component Logic should filter out already infected players and Parassita players","status":"passed","title":"should filter out already infected players and Parassita players","duration":1,"failureMessages":[]}],"startTime":1786283452247,"endTime":1786283452290,"status":"failed","message":"","name":"/home/marco/OneDrive_Università/altro/lupus/LupusInTab/src/__tests__/roles/parassita.spec.ts"},{"assertionResults":[{"ancestorTitles":["","Simbionte Role","Role Definition"],"fullName":" Simbionte Role Role Definition should have correct basic properties","status":"passed","title":"should have correct basic properties","duration":2,"failureMessages":[]},{"ancestorTitles":["","Simbionte Role","Role Definition"],"fullName":" Simbionte Role Role Definition should have prompt and resolve components","status":"passed","title":"should have prompt and resolve components","duration":1,"failureMessages":[]},{"ancestorTitles":["","Simbionte Role","Resolve Function"],"fullName":" Simbionte Role Resolve Function should transform simbionte into target player role","status":"passed","title":"should transform simbionte into target player role","duration":3,"failureMessages":[]},{"ancestorTitles":["","Simbionte Role","Resolve Function"],"fullName":" Simbionte Role Resolve Function should handle lupo target correctly","status":"passed","title":"should handle lupo target correctly","duration":2,"failureMessages":[]},{"ancestorTitles":["","Simbionte Role","Resolve Function"],"fullName":" Simbionte Role Resolve Function should return null for invalid action","status":"passed","title":"should return null for invalid action","duration":1,"failureMessages":[]},{"ancestorTitles":["","Simbionte Role","Resolve Function"],"fullName":" Simbionte Role Resolve Function should return null for missing target player","status":"passed","title":"should return null for missing target player","duration":1,"failureMessages":[]},{"ancestorTitles":["","Simbionte Role","Resolve Function"],"fullName":" Simbionte Role Resolve Function should return null for null action","status":"passed","title":"should return null for null action","duration":2,"failureMessages":[]},{"ancestorTitles":["","Simbionte Role","Resolve Function"],"fullName":" Simbionte Role Resolve Function should return null for undefined action","status":"passed","title":"should return null for undefined action","duration":1,"failureMessages":[]},{"ancestorTitles":["","Simbionte Role","Player State Changes"],"fullName":" Simbionte Role Player State Changes should update player roleId after transformation","status":"passed","title":"should update player roleId after transformation","duration":2,"failureMessages":[]},{"ancestorTitles":["","Simbionte Role","Player State Changes"],"fullName":" Simbionte Role Player State Changes should update usedPowers after transformation","status":"passed","title":"should update usedPowers after transformation","duration":3,"failureMessages":[]}],"startTime":1786283452575,"endTime":1786283452593,"status":"passed","message":"","name":"/home/marco/OneDrive_Università/altro/lupus/LupusInTab/src/__tests__/roles/simbionte.spec.ts"},{"assertionResults":[{"ancestorTitles":["","Sonnambulo Role","Resolve Function"],"fullName":" Sonnambulo Role Resolve Function should survive if going to a wolf and not targeted by wolves","status":"passed","title":"should survive if going to a wolf and not targeted by wolves","duration":3,"failureMessages":[]},{"ancestorTitles":["","Sonnambulo Role","Resolve Function"],"fullName":" Sonnambulo Role Resolve Function should die if going to a wolf and originally targeted by wolves","status":"passed","title":"should die if going to a wolf and originally targeted by wolves","duration":12,"failureMessages":[]},{"ancestorTitles":["","Sonnambulo Role","Resolve Function"],"fullName":" Sonnambulo Role Resolve Function should survive if going to innocent and Sonnambulo was targeted by wolves","status":"passed","title":"should survive if going to innocent and Sonnambulo was targeted by wolves","duration":2,"failureMessages":[]},{"ancestorTitles":["","Sonnambulo Role","Resolve Function"],"fullName":" Sonnambulo Role Resolve Function should die if going to innocent and innocent was targeted by wolves","status":"passed","title":"should die if going to innocent and innocent was targeted by wolves","duration":6,"failureMessages":[]},{"ancestorTitles":["","Sonnambulo Role","Resolve Function"],"fullName":" Sonnambulo Role Resolve Function should survive if going to innocent attacked by wolves, but innocent was protected by Guardia","status":"passed","title":"should survive if going to innocent attacked by wolves, but innocent was protected by Guardia","duration":2,"failureMessages":[]},{"ancestorTitles":["","Sonnambulo Role","Resolve Function"],"fullName":" Sonnambulo Role Resolve Function should clear kills from other roles (e.g. Giustiziere) because he is not home","status":"passed","title":"should clear kills from other roles (e.g. Giustiziere) because he is not home","duration":1,"failureMessages":[]}],"startTime":1786283453607,"endTime":1786283453633,"status":"passed","message":"","name":"/home/marco/OneDrive_Università/altro/lupus/LupusInTab/src/__tests__/roles/sonnambulo.spec.ts"},{"assertionResults":[{"ancestorTitles":["","Medium Role","Resolve Function"],"fullName":" Medium Role Resolve Function should discover dead player faction","status":"failed","title":"should discover dead player faction","duration":9,"failureMessages":["expected [] to have a length of 1 but got +0"],"location":{"line":71,"column":50}},{"ancestorTitles":["","Medium Role","Resolve Function"],"fullName":" Medium Role Resolve Function should handle lupomannaro special rule","status":"failed","title":"should handle lupomannaro special rule","duration":4,"failureMessages":["expected [] to have a length of 1 but got +0"],"location":{"line":90,"column":50}},{"ancestorTitles":["","Medium Role","Resolve Function"],"fullName":" Medium Role Resolve Function should handle invalid target ID","status":"passed","title":"should handle invalid target ID","duration":8,"failureMessages":[]},{"ancestorTitles":["","Medium Role","Resolve Function"],"fullName":" Medium Role Resolve Function should handle missing target ID","status":"passed","title":"should handle missing target ID","duration":1,"failureMessages":[]},{"ancestorTitles":["","Medium Role","Resolve Function"],"fullName":" Medium Role Resolve Function should handle non-existent target","status":"passed","title":"should handle non-existent target","duration":6,"failureMessages":[]},{"ancestorTitles":["","Medium Role","Resolve Function"],"fullName":" Medium Role Resolve Function should handle target with no roleState","status":"failed","title":"should handle target with no roleState","duration":20,"failureMessages":["expected undefined not to be undefined"],"location":{"line":151,"column":22}},{"ancestorTitles":["","Medium Role","Resolve Function"],"fullName":" Medium Role Resolve Function should use visibleAsTeam when available","status":"failed","title":"should use visibleAsTeam when available","duration":2,"failureMessages":["Cannot read properties of undefined (reading 'discoveredFaction')"],"location":{"line":164,"column":21}},{"ancestorTitles":["","Medium Role","Resolve Function"],"fullName":" Medium Role Resolve Function should fallback to realTeam when visibleAsTeam not available","status":"failed","title":"should fallback to realTeam when visibleAsTeam not available","duration":2,"failureMessages":["Cannot read properties of undefined (reading 'discoveredFaction')"],"location":{"line":185,"column":21}},{"ancestorTitles":["","Medium Role","Win Condition"],"fullName":" Medium Role Win Condition should use village win condition","status":"passed","title":"should use village win condition","duration":6,"failureMessages":[]}],"startTime":1786283452624,"endTime":1786283452684,"status":"failed","message":"","name":"/home/marco/OneDrive_Università/altro/lupus/LupusInTab/src/__tests__/roles/strega.spec.ts"},{"assertionResults":[{"ancestorTitles":["","Veggente Role","Resolve Function"],"fullName":" Veggente Role Resolve Function should investigate alive player faction","status":"failed","title":"should investigate alive player faction","duration":8,"failureMessages":["expected [] to have a length of 1 but got +0"],"location":{"line":72,"column":50}},{"ancestorTitles":["","Veggente Role","Resolve Function"],"fullName":" Veggente Role Resolve Function should handle lupomannaro special rule","status":"failed","title":"should handle lupomannaro special rule","duration":1,"failureMessages":["expected [] to have a length of 1 but got +0"],"location":{"line":88,"column":50}},{"ancestorTitles":["","Veggente Role","Resolve Function"],"fullName":" Veggente Role Resolve Function should handle invalid target ID","status":"passed","title":"should handle invalid target ID","duration":1,"failureMessages":[]},{"ancestorTitles":["","Veggente Role","Resolve Function"],"fullName":" Veggente Role Resolve Function should handle missing target ID","status":"passed","title":"should handle missing target ID","duration":1,"failureMessages":[]},{"ancestorTitles":["","Veggente Role","Resolve Function"],"fullName":" Veggente Role Resolve Function should handle non-existent target","status":"passed","title":"should handle non-existent target","duration":1,"failureMessages":[]},{"ancestorTitles":["","Veggente Role","Resolve Function"],"fullName":" Veggente Role Resolve Function should use visibleAsTeam when available","status":"failed","title":"should use visibleAsTeam when available","duration":2,"failureMessages":["expected undefined to be 'lupi' // Object.is equality"],"location":{"line":145,"column":40}},{"ancestorTitles":["","Veggente Role","Resolve Function"],"fullName":" Veggente Role Resolve Function should fallback to realTeam when visibleAsTeam not available","status":"failed","title":"should fallback to realTeam when visibleAsTeam not available","duration":1,"failureMessages":["expected undefined to be 'villaggio' // Object.is equality"],"location":{"line":167,"column":40}},{"ancestorTitles":["","Veggente Role","Resolve Function"],"fullName":" Veggente Role Resolve Function should handle target with no roleState","status":"passed","title":"should handle target with no roleState","duration":1,"failureMessages":[]},{"ancestorTitles":["","Veggente Role","Win Condition"],"fullName":" Veggente Role Win Condition should use village win condition","status":"passed","title":"should use village win condition","duration":1,"failureMessages":[]},{"ancestorTitles":["","Veggente Role","Pending Kills for Mannari"],"fullName":" Veggente Role Pending Kills for Mannari should add pending kill when investigating lupomannaro","status":"failed","title":"should add pending kill when investigating lupomannaro","duration":2,"failureMessages":["expected undefined not to be undefined"],"location":{"line":217,"column":59}},{"ancestorTitles":["","Veggente Role","Pending Kills for Mannari"],"fullName":" Veggente Role Pending Kills for Mannari should add pending kill when investigating muccamannara","status":"failed","title":"should add pending kill when investigating muccamannara","duration":2,"failureMessages":["expected undefined not to be undefined"],"location":{"line":252,"column":59}},{"ancestorTitles":["","Veggente Role","Pending Kills for Mannari"],"fullName":" Veggente Role Pending Kills for Mannari should not add pending kill when investigating non-mannari players","status":"passed","title":"should not add pending kill when investigating non-mannari players","duration":1,"failureMessages":[]},{"ancestorTitles":["","Veggente Role","Pending Kills for Mannari"],"fullName":" Veggente Role Pending Kills for Mannari should handle multiple pending kills for the same target","status":"failed","title":"should handle multiple pending kills for the same target","duration":2,"failureMessages":["expected [ { role: 'lupo', …(1) } ] to have a length of 2 but got 1"],"location":{"line":302,"column":59}},{"ancestorTitles":["","Veggente Role","Pending Kills for Mannari"],"fullName":" Veggente Role Pending Kills for Mannari should initialize night context if it does not exist","status":"failed","title":"should initialize night context if it does not exist","duration":1,"failureMessages":["expected undefined not to be undefined"],"location":{"line":330,"column":43}}],"startTime":1786283452151,"endTime":1786283452176,"status":"failed","message":"","name":"/home/marco/OneDrive_Università/altro/lupus/LupusInTab/src/__tests__/roles/veggente.spec.ts"},{"assertionResults":[{"ancestorTitles":["","Villico Role","Resolve Function"],"fullName":" Villico Role Resolve Function should not perform any night actions","status":"passed","title":"should not perform any night actions","duration":2,"failureMessages":[]},{"ancestorTitles":["","Villico Role","Resolve Function"],"fullName":" Villico Role Resolve Function should handle any action without errors","status":"passed","title":"should handle any action without errors","duration":2,"failureMessages":[]},{"ancestorTitles":["","Villico Role","Resolve Function"],"fullName":" Villico Role Resolve Function should handle null action","status":"passed","title":"should handle null action","duration":2,"failureMessages":[]},{"ancestorTitles":["","Villico Role","Resolve Function"],"fullName":" Villico Role Resolve Function should handle undefined action","status":"passed","title":"should handle undefined action","duration":2,"failureMessages":[]},{"ancestorTitles":["","Villico Role","Win Condition"],"fullName":" Villico Role Win Condition should use village win condition","status":"passed","title":"should use village win condition","duration":2,"failureMessages":[]}],"startTime":1786283454240,"endTime":1786283454250,"status":"passed","message":"","name":"/home/marco/OneDrive_Università/altro/lupus/LupusInTab/src/__tests__/roles/villico.spec.ts"}]}
